2026-07-01 14:10:19,480 | INFO | Request: symbol=BTCUSDT, side=BUY, type=MARKET, qty=0.001, price=None
2026-07-01 14:10:20,907 | ERROR | Invalid API-key, IP, or permissions for action
2026-07-01 14:14:05,760 | INFO | Request: symbol=BTCUSDT, side=BUY, type=MARKET, qty=0.001, price=None
2026-07-01 14:14:07,215 | ERROR | Invalid API-key, IP, or permissions for action
2026-07-01 14:15:21,630 | INFO | Request: symbol=BTCUSDT, side=BUY, type=MARKET, qty=0.001, price=None
2026-07-01 14:15:22,892 | ERROR | Invalid API-key, IP, or permissions for action
2026-07-01 14:21:24,575 | INFO | Request: symbol=BTCUSDT, side=BUY, type=MARKET, qty=0.001, price=None
2026-07-01 14:21:25,803 | ERROR | API-key format invalid.
2026-07-01 14:22:20,692 | INFO | Request: symbol=BTCUSDT, side=BUY, type=MARKET, qty=0.001, price=None
2026-07-01 14:22:21,764 | ERROR | API-key format invalid.
2026-07-01 14:25:03,716 | INFO | Request: symbol=BTCUSDT, side=BUY, type=MARKET, qty=0.001, price=None
2026-07-01 14:25:05,056 | INFO | {'orderId': 18197401428, 'symbol': 'BTCUSDT', 'status': 'NEW', 'clientOrderId': 'x-Cb7ytekJ4ab7840344a1b7f767432c', 'price': '0.00', 'origQty': '0.0010', 'executedQty': '0.0000', 'cumQty': '0.0000', 'timeInForce': 'GTC', 'type': 'MARKET', 'reduceOnly': False, 'closePosition': False, 'side': 'BUY', 'positionSide': 'BOTH', 'stopPrice': '0.00', 'workingType': 'CONTRACT_PRICE', 'priceProtect': False, 'origType': 'MARKET', 'priceMatch': 'NONE', 'selfTradePreventionMode': 'EXPIRE_MAKER', 'goodTillDate': 0, 'updateTime': 1782896104758}
2026-07-01 14:26:16,627 | INFO | Request: symbol=BTCUSDT, side=SELL, type=MARKET, qty=0.001, price=None
2026-07-01 14:26:17,959 | INFO | {'orderId': 18197592492, 'symbol': 'BTCUSDT', 'status': 'NEW', 'clientOrderId': 'x-Cb7ytekJ6c588fa2850944eef4304a', 'price': '0.00', 'origQty': '0.0010', 'executedQty': '0.0000', 'cumQty': '0.0000', 'timeInForce': 'GTC', 'type': 'MARKET', 'reduceOnly': False, 'closePosition': False, 'side': 'SELL', 'positionSide': 'BOTH', 'stopPrice': '0.00', 'workingType': 'CONTRACT_PRICE', 'priceProtect': False, 'origType': 'MARKET', 'priceMatch': 'NONE', 'selfTradePreventionMode': 'EXPIRE_MAKER', 'goodTillDate': 0, 'updateTime': 1782896177573}
2026-07-01 14:26:28,499 | INFO | Request: symbol=BTCUSDT, side=BUY, type=LIMIT, qty=0.001, price=100000.0
2026-07-01 14:26:29,843 | ERROR | Limit price can't be higher than 61687.30.
2026-07-01 14:27:07,114 | INFO | Request: symbol=BTCUSDT, side=BUY, type=MARKET, qty=0.001, price=None
2026-07-01 14:27:08,341 | INFO | {'orderId': 18197719498, 'symbol': 'BTCUSDT', 'status': 'NEW', 'clientOrderId': 'x-Cb7ytekJ20c41ee33875bb8d536eaf', 'price': '0.00', 'origQty': '0.0010', 'executedQty': '0.0000', 'cumQty': '0.0000', 'timeInForce': 'GTC', 'type': 'MARKET', 'reduceOnly': False, 'closePosition': False, 'side': 'BUY', 'positionSide': 'BOTH', 'stopPrice': '0.00', 'workingType': 'CONTRACT_PRICE', 'priceProtect': False, 'origType': 'MARKET', 'priceMatch': 'NONE', 'selfTradePreventionMode': 'EXPIRE_MAKER', 'goodTillDate': 0, 'updateTime': 1782896227889}
2026-07-01 14:27:23,290 | INFO | Request: symbol=BTCUSDT, side=SELL, type=MARKET, qty=0.001, price=None
2026-07-01 14:27:24,623 | INFO | {'orderId': 18197781500, 'symbol': 'BTCUSDT', 'status': 'NEW', 'clientOrderId': 'x-Cb7ytekJef29f3c26f946048a2fa65', 'price': '0.00', 'origQty': '0.0010', 'executedQty': '0.0000', 'cumQty': '0.0000', 'timeInForce': 'GTC', 'type': 'MARKET', 'reduceOnly': False, 'closePosition': False, 'side': 'SELL', 'positionSide': 'BOTH', 'stopPrice': '0.00', 'workingType': 'CONTRACT_PRICE', 'priceProtect': False, 'origType': 'MARKET', 'priceMatch': 'NONE', 'selfTradePreventionMode': 'EXPIRE_MAKER', 'goodTillDate': 0, 'updateTime': 1782896244241}
2026-07-01 14:27:39,110 | INFO | Request: symbol=BTCUSDT, side=SELL, type=LIMIT, qty=0.001, price=150000.0
2026-07-01 14:27:40,290 | INFO | {'orderId': 18197845233, 'symbol': 'BTCUSDT', 'status': 'NEW', 'clientOrderId': 'x-Cb7ytekJ103340ac1e89d179422109', 'price': '150000.00', 'origQty': '0.0010', 'executedQty': '0.0000', 'cumQty': '0.0000', 'timeInForce': 'GTC', 'type': 'LIMIT', 'reduceOnly': False, 'closePosition': False, 'side': 'SELL', 'positionSide': 'BOTH', 'stopPrice': '0.00', 'workingType': 'CONTRACT_PRICE', 'priceProtect': False, 'origType': 'LIMIT', 'priceMatch': 'NONE', 'selfTradePreventionMode': 'EXPIRE_MAKER', 'goodTillDate': 0, 'updateTime': 1782896259998}
2026-07-01 14:31:32,947 | INFO | Request: symbol=BTCUSDT, side=BUY, type=MARKET, qty=0.001, price=None
2026-07-01 14:31:34,358 | INFO | {'orderId': 18198505057, 'symbol': 'BTCUSDT', 'status': 'NEW', 'clientOrderId': 'x-Cb7ytekJ865af05a25757332edfe32', 'price': '0.00', 'origQty': '0.0010', 'executedQty': '0.0000', 'cumQty': '0.0000', 'timeInForce': 'GTC', 'type': 'MARKET', 'reduceOnly': False, 'closePosition': False, 'side': 'BUY', 'positionSide': 'BOTH', 'stopPrice': '0.00', 'workingType': 'CONTRACT_PRICE', 'priceProtect': False, 'origType': 'MARKET', 'priceMatch': 'NONE', 'selfTradePreventionMode': 'EXPIRE_MAKER', 'goodTillDate': 0, 'updateTime': 1782896494074}
2026-07-01 14:31:40,832 | INFO | Request: symbol=BTCUSDT, side=SELL, type=LIMIT, qty=0.001, price=150000.0
2026-07-01 14:31:41,961 | INFO | {'orderId': 18198522661, 'symbol': 'BTCUSDT', 'status': 'NEW', 'clientOrderId': 'x-Cb7ytekJ31d4659941e80a6c8a3d6f', 'price': '150000.00', 'origQty': '0.0010', 'executedQty': '0.0000', 'cumQty': '0.0000', 'timeInForce': 'GTC', 'type': 'LIMIT', 'reduceOnly': False, 'closePosition': False, 'side': 'SELL', 'positionSide': 'BOTH', 'stopPrice': '0.00', 'workingType': 'CONTRACT_PRICE', 'priceProtect': False, 'origType': 'LIMIT', 'priceMatch': 'NONE', 'selfTradePreventionMode': 'EXPIRE_MAKER', 'goodTillDate': 0, 'updateTime': 1782896501598}
